=== bspwm setup — Tue Feb 17 12:24:07 AM PST 2026 — Linux discovery 6.18.8-1-default #1 SMP PREEMPT_DYNAMIC Fri Jan 30 12:17:19 UTC 2026 (0df318e) x86_64 x86_64 x86_64 GNU/Linux ===
[00:24:07] INFO: Logging to /home/marin/Code/dotfiles/bspwm-setup-20260217-002407.log
[00:24:07] INFO: Preflight checks passed (user=marin, home=/home/marin)
[00:24:07] INFO: --- Installing bspwm packages ---
[00:24:07] INFO: Installing: bspwm bspwm-zsh-completion sxhkd dmenu picom alacritty
Loading repository data...
Reading installed packages...
Resolving package dependencies...

The following 3 recommended packages were automatically selected:
  dmenu lemonbar sxhkd

The following 13 NEW packages are going to be installed:
  alacritty alacritty-bash-completion alacritty-zsh-completion bspwm bspwm-bash-completion bspwm-zsh-completion dmenu lemonbar libconfig15 libev4 libxcb-ewmh2 picom sxhkd

13 new packages to install.

Package download size:     3.3 MiB

Package install size change:
              |      10.3 MiB  required by packages that will be installed
    10.3 MiB  |  -      0 B    released by packages that will be removed

Backend:  classic_rpmtrans
Continue? [y/n/v/...? shows all options] (y): y
Preloading Packages [..
Preloading: dmenu-5.3-1.3.x86_64.rpm [done]
.
Preloading: alacritty-bash-completion-0.16.1-1.1.noarch.rpm [done]
.
Preloading: alacritty-zsh-completion-0.16.1-1.1.noarch.rpm [Error: "The requested URL returned error: 404", trying next mirror.]
.
Preloading: libev4-4.33-6.1.x86_64.rpm [done]
.
Preloading: lemonbar-1.5-1.3.x86_64.rpm [done]
..
Preloading: libconfig15-1.8.1-1.1.x86_64.rpm [done]
.
Preloading: sxhkd-0.6.2-1.18.x86_64.rpm [done]
.
Preloading: alacritty-zsh-completion-0.16.1-1.1.noarch.rpm [done]
.
Preloading: libxcb-ewmh2-0.4.2-1.6.x86_64.rpm [done]
.
Preloading: bspwm-0.9.12-1.1.x86_64.rpm [Error: "The requested URL returned error: 404", trying next mirror.]
.
Preloading: bspwm-zsh-completion-0.9.12-1.1.noarch.rpm [done]
.
Preloading: bspwm-bash-completion-0.9.12-1.1.noarch.rpm [done]
....
Preloading: alacritty-0.16.1-1.1.x86_64.rpm [done]
..
Preloading: picom-13-1.1.x86_64.rpm [done]
.
Preloading: bspwm-0.9.12-1.1.x86_64.rpm [done]
.done]
Retrieving: alacritty-0.16.1-1.1.x86_64 (openSUSE-Tumbleweed-Oss) (1/13),   2.6 MiB    
Retrieving: alacritty-bash-completion-0.16.1-1.1.noarch (openSUSE-Tumbleweed-Oss) (2/13),  27.4 KiB    
Retrieving: alacritty-zsh-completion-0.16.1-1.1.noarch (openSUSE-Tumbleweed-Oss) (3/13),  27.9 KiB    
Retrieving: dmenu-5.3-1.3.x86_64 (openSUSE-Tumbleweed-Oss) (4/13),  30.2 KiB    
Retrieving: lemonbar-1.5-1.3.x86_64 (openSUSE-Tumbleweed-Oss) (5/13),  24.4 KiB    
Retrieving: libconfig15-1.8.1-1.1.x86_64 (openSUSE-Tumbleweed-Oss) (6/13),  44.5 KiB    
Retrieving: libev4-4.33-6.1.x86_64 (openSUSE-Tumbleweed-Oss) (7/13),  38.0 KiB    
Retrieving: libxcb-ewmh2-0.4.2-1.6.x86_64 (openSUSE-Tumbleweed-Oss) (8/13),  23.0 KiB    
Retrieving: sxhkd-0.6.2-1.18.x86_64 (openSUSE-Tumbleweed-Oss) (9/13),  43.5 KiB    
Retrieving: picom-13-1.1.x86_64 (openSUSE-Tumbleweed-Oss) (10/13), 297.5 KiB    
Retrieving: bspwm-0.9.12-1.1.x86_64 (openSUSE-Tumbleweed-Oss) (11/13), 120.8 KiB    
Retrieving: bspwm-zsh-completion-0.9.12-1.1.noarch (openSUSE-Tumbleweed-Oss) (12/13),  17.9 KiB    
Retrieving: bspwm-bash-completion-0.9.12-1.1.noarch (openSUSE-Tumbleweed-Oss) (13/13),  13.8 KiB    

Checking for file conflicts: [....done]
( 1/13) Installing: alacritty-0.16.1-1.1.x86_64 [...done]
( 2/13) Installing: alacritty-bash-completion-0.16.1-1.1.noarch [..done]
( 3/13) Installing: alacritty-zsh-completion-0.16.1-1.1.noarch [..done]
( 4/13) Installing: dmenu-5.3-1.3.x86_64 [..done]
( 5/13) Installing: lemonbar-1.5-1.3.x86_64 [..done]
( 6/13) Installing: libconfig15-1.8.1-1.1.x86_64 [..done]
( 7/13) Installing: libev4-4.33-6.1.x86_64 [..done]
( 8/13) Installing: libxcb-ewmh2-0.4.2-1.6.x86_64 [..done]
( 9/13) Installing: sxhkd-0.6.2-1.18.x86_64 [..done]
(10/13) Installing: picom-13-1.1.x86_64 [..done]
(11/13) Installing: bspwm-0.9.12-1.1.x86_64 [..done]
(12/13) Installing: bspwm-zsh-completion-0.9.12-1.1.noarch [..done]
(13/13) Installing: bspwm-bash-completion-0.9.12-1.1.noarch [..done]
Running post-transaction scripts [....done]
[00:24:25] INFO: --- Syncing configs to chezmoi source ---
[00:24:25] INFO: Chezmoi source: /home/marin/.local/share/chezmoi
'/home/marin/Code/dotfiles/dot_config/bspwm/executable_bspwmrc' -> '/home/marin/.local/share/chezmoi/dot_config/bspwm/executable_bspwmrc'
[00:24:25] OK: bspwm config synced to chezmoi source
'/home/marin/Code/dotfiles/dot_config/sxhkd/sxhkdrc' -> '/home/marin/.local/share/chezmoi/dot_config/sxhkd/sxhkdrc'
[00:24:25] OK: sxhkd config synced to chezmoi source
[00:24:25] INFO: --- Applying configs via chezmoi ---
[00:24:25] OK: chezmoi apply ~/.config/bspwm
[00:24:25] OK: chezmoi apply ~/.config/sxhkd
[00:24:25] INFO: --- Verifying installation ---
[00:24:25] OK: binary: bspwm (/usr/bin/bspwm)
